[2022-10-27 10:33:56,350] DEBUG    MainThread   - Configuración de debug: {'version': 1, 'formatters': {'standard': {'comment_format': '[%(asctime)s] %(levelname)-8s %(name)-12s %(threadName)-12s - %(message)s', 'format': '[%(asctime)s] %(levelname)-8s %(threadName)-12s - %(message)s'}}, 'handlers': {'file': {'filename': 'C:\\Users\\AlumnoM\\Documents\\DAM2\\PSP\\Desarrollo\\PSP-UD03-Corrutinas-Fuentes\\fabriacion_coches.log', 'level': 'DEBUG', 'class': 'logging.FileHandler', 'formatter': 'standard'}, 'stream': {'level': 'INFO', 'class': 'logging.StreamHandler', 'formatter': 'standard'}}, 'loggers': {'': {'handlers': ['file', 'stream'], 'level': 'DEBUG'}}}
[2022-10-27 10:33:58,658] INFO     MainThread   - Coche fabricado
[2022-10-27 10:33:58,658] INFO     MainThread   - Coche en concesionario
[2022-10-27 10:34:02,004] INFO     MainThread   - Coche fabricado
[2022-10-27 10:34:02,004] INFO     MainThread   - Coche en concesionario
[2022-10-27 10:34:03,856] INFO     MainThread   - Coche fabricado
[2022-10-27 10:34:03,856] INFO     MainThread   - Coche en concesionario
[2022-10-27 10:34:04,892] INFO     MainThread   - Coche fabricado
[2022-10-27 10:34:04,892] INFO     MainThread   - Coche en concesionario
[2022-10-27 10:34:06,008] INFO     MainThread   - Coche fabricado
[2022-10-27 10:34:06,008] INFO     MainThread   - Coche en concesionario
[2022-10-27 10:34:08,087] INFO     MainThread   - Coche fabricado
[2022-10-27 10:34:08,087] INFO     MainThread   - Coche en concesionario
[2022-10-27 10:35:11,365] DEBUG    MainThread   - Configuración de debug: {'version': 1, 'formatters': {'standard': {'comment_format': '[%(asctime)s] %(levelname)-8s %(name)-12s %(threadName)-12s - %(message)s', 'format': '[%(asctime)s] %(levelname)-8s %(threadName)-12s - %(message)s'}}, 'handlers': {'file': {'filename': 'C:\\Users\\AlumnoM\\Documents\\DAM2\\PSP\\Desarrollo\\PSP-UD03-Corrutinas-Fuentes\\fabriacion_coches.log', 'level': 'DEBUG', 'class': 'logging.FileHandler', 'formatter': 'standard'}, 'stream': {'level': 'INFO', 'class': 'logging.StreamHandler', 'formatter': 'standard'}}, 'loggers': {'': {'handlers': ['file', 'stream'], 'level': 'DEBUG'}}}
[2022-10-27 10:35:12,048] INFO     MainThread   - Ruedas fabricadas
[2022-10-27 10:35:12,206] INFO     MainThread   - Ruedas fabricadas
[2022-10-27 10:35:12,206] INFO     MainThread   - Motor fabricado
[2022-10-27 10:35:12,332] INFO     MainThread   - Chasis fabricado
[2022-10-27 10:35:12,410] INFO     MainThread   - Motor fabricado
[2022-10-27 10:35:12,444] INFO     MainThread   - Chasis fabricado
[2022-10-27 10:35:12,989] INFO     MainThread   - Chasis fabricado
[2022-10-27 10:35:13,083] INFO     MainThread   - Motor fabricado
[2022-10-27 10:35:13,179] INFO     MainThread   - Ruedas fabricadas
[2022-10-27 10:35:13,646] INFO     MainThread   - Ruedas fabricadas
[2022-10-27 10:35:13,646] INFO     MainThread   - Motor fabricado
[2022-10-27 10:35:13,724] INFO     MainThread   - Chasis fabricado
[2022-10-27 10:35:13,831] INFO     MainThread   - Coche fabricado
[2022-10-27 10:35:13,831] INFO     MainThread   - Coche en concesionario
[2022-10-27 10:35:14,083] INFO     MainThread   - Motor fabricado
[2022-10-27 10:35:14,270] INFO     MainThread   - Chasis fabricado
[2022-10-27 10:35:14,537] INFO     MainThread   - Ruedas fabricadas
[2022-10-27 10:35:14,863] INFO     MainThread   - Ruedas fabricadas
[2022-10-27 10:35:14,925] INFO     MainThread   - Ruedas fabricadas
[2022-10-27 10:35:14,972] INFO     MainThread   - Chasis fabricado
[2022-10-27 10:35:15,067] INFO     MainThread   - Motor fabricado
[2022-10-27 10:35:15,269] INFO     MainThread   - Chasis fabricado
[2022-10-27 10:35:15,534] INFO     MainThread   - Motor fabricado
[2022-10-27 10:35:15,613] INFO     MainThread   - Ruedas fabricadas
[2022-10-27 10:35:15,711] INFO     MainThread   - Coche fabricado
[2022-10-27 10:35:15,711] INFO     MainThread   - Coche en concesionario
[2022-10-27 10:35:15,931] INFO     MainThread   - Chasis fabricado
[2022-10-27 10:35:15,931] INFO     MainThread   - Ruedas fabricadas
[2022-10-27 10:35:15,992] INFO     MainThread   - Chasis fabricado
[2022-10-27 10:35:16,053] INFO     MainThread   - Motor fabricado
[2022-10-27 10:35:16,132] INFO     MainThread   - Ruedas fabricadas
[2022-10-27 10:35:16,339] INFO     MainThread   - Motor fabricado
[2022-10-27 10:35:16,575] INFO     MainThread   - Ruedas fabricadas
[2022-10-27 10:35:16,702] INFO     MainThread   - Motor fabricado
[2022-10-27 10:35:16,827] INFO     MainThread   - Chasis fabricado
[2022-10-27 10:35:17,047] INFO     MainThread   - Chasis fabricado
[2022-10-27 10:35:17,079] INFO     MainThread   - Ruedas fabricadas
[2022-10-27 10:35:17,079] INFO     MainThread   - Motor fabricado
[2022-10-27 10:35:17,094] INFO     MainThread   - Coche fabricado
[2022-10-27 10:35:17,094] INFO     MainThread   - Coche en concesionario
[2022-10-27 10:35:17,172] INFO     MainThread   - Motor fabricado
[2022-10-27 10:35:17,471] INFO     MainThread   - Motor fabricado
[2022-10-27 10:35:17,471] INFO     MainThread   - Chasis fabricado
[2022-10-27 10:35:18,062] INFO     MainThread   - Ruedas fabricadas
[2022-10-27 10:35:18,109] INFO     MainThread   - Motor fabricado
[2022-10-27 10:35:18,265] INFO     MainThread   - Chasis fabricado
[2022-10-27 10:35:18,631] INFO     MainThread   - Ruedas fabricadas
[2022-10-27 10:35:18,739] INFO     MainThread   - Motor fabricado
[2022-10-27 10:35:18,801] INFO     MainThread   - Ruedas fabricadas
[2022-10-27 10:35:19,102] INFO     MainThread   - Ruedas fabricadas
[2022-10-27 10:35:19,165] INFO     MainThread   - Chasis fabricado
[2022-10-27 10:35:19,246] INFO     MainThread   - Motor fabricado
[2022-10-27 10:35:19,341] INFO     MainThread   - Ruedas fabricadas
[2022-10-27 10:35:19,510] INFO     MainThread   - Ruedas fabricadas
[2022-10-27 10:35:19,930] INFO     MainThread   - Chasis fabricado
[2022-10-27 10:35:20,023] INFO     MainThread   - Motor fabricado
[2022-10-27 10:35:20,023] INFO     MainThread   - Coche fabricado
[2022-10-27 10:35:20,023] INFO     MainThread   - Coche en concesionario
[2022-10-27 10:35:20,085] INFO     MainThread   - Ruedas fabricadas
[2022-10-27 10:35:20,163] INFO     MainThread   - Chasis fabricado
[2022-10-27 10:35:20,286] INFO     MainThread   - Motor fabricado
[2022-10-27 10:35:20,539] INFO     MainThread   - Chasis fabricado
[2022-10-27 10:35:20,539] INFO     MainThread   - Motor fabricado
[2022-10-27 10:35:20,600] INFO     MainThread   - Ruedas fabricadas
[2022-10-27 10:35:20,661] INFO     MainThread   - Coche fabricado
[2022-10-27 10:35:20,661] INFO     MainThread   - Coche en concesionario
[2022-10-27 10:35:20,897] INFO     MainThread   - Chasis fabricado
[2022-10-27 10:35:21,036] INFO     MainThread   - Motor fabricado
[2022-10-27 10:35:21,068] INFO     MainThread   - Motor fabricado
[2022-10-27 10:35:21,395] INFO     MainThread   - Chasis fabricado
[2022-10-27 10:35:21,395] INFO     MainThread   - Motor fabricado
[2022-10-27 10:35:21,503] INFO     MainThread   - Ruedas fabricadas
[2022-10-27 10:35:21,503] INFO     MainThread   - Chasis fabricado
[2022-10-27 10:35:21,785] INFO     MainThread   - Motor fabricado
[2022-10-27 10:35:21,785] INFO     MainThread   - Ruedas fabricadas
[2022-10-27 10:35:22,055] INFO     MainThread   - Motor fabricado
[2022-10-27 10:35:22,179] INFO     MainThread   - Chasis fabricado
[2022-10-27 10:35:22,475] INFO     MainThread   - Motor fabricado
[2022-10-27 10:35:22,567] INFO     MainThread   - Chasis fabricado
[2022-10-27 10:35:22,772] INFO     MainThread   - Ruedas fabricadas
[2022-10-27 10:35:23,210] INFO     MainThread   - Ruedas fabricadas
[2022-10-27 10:35:23,306] INFO     MainThread   - Ruedas fabricadas
[2022-10-27 10:35:23,384] INFO     MainThread   - Motor fabricado
[2022-10-27 10:35:23,399] INFO     MainThread   - Motor fabricado
[2022-10-27 10:35:23,399] INFO     MainThread   - Ruedas fabricadas
[2022-10-27 10:35:23,508] INFO     MainThread   - Chasis fabricado
[2022-10-27 10:35:23,727] INFO     MainThread   - Coche fabricado
[2022-10-27 10:35:23,727] INFO     MainThread   - Coche en concesionario
[2022-10-27 10:35:24,222] INFO     MainThread   - Ruedas fabricadas
[2022-10-27 10:35:24,316] INFO     MainThread   - Motor fabricado
[2022-10-27 10:35:24,489] INFO     MainThread   - Motor fabricado
[2022-10-27 10:35:24,489] INFO     MainThread   - Chasis fabricado
[2022-10-27 10:35:24,661] INFO     MainThread   - Ruedas fabricadas
[2022-10-27 10:35:25,286] INFO     MainThread   - Motor fabricado
[2022-10-27 10:35:25,317] INFO     MainThread   - Chasis fabricado
[2022-10-27 10:35:25,396] INFO     MainThread   - Chasis fabricado
[2022-10-27 10:35:25,396] INFO     MainThread   - Coche fabricado
[2022-10-27 10:35:25,396] INFO     MainThread   - Coche en concesionario
[2022-10-27 10:35:25,444] INFO     MainThread   - Chasis fabricado
[2022-10-27 10:35:25,538] INFO     MainThread   - Ruedas fabricadas
[2022-10-27 10:35:25,978] INFO     MainThread   - Ruedas fabricadas
[2022-10-27 10:35:25,978] INFO     MainThread   - Chasis fabricado
[2022-10-27 10:35:26,245] INFO     MainThread   - Motor fabricado
[2022-10-27 10:35:26,699] INFO     MainThread   - Chasis fabricado
[2022-10-27 10:35:26,875] INFO     MainThread   - Chasis fabricado
[2022-10-27 10:35:26,983] INFO     MainThread   - Ruedas fabricadas
[2022-10-27 10:35:27,091] INFO     MainThread   - Motor fabricado
[2022-10-27 10:35:27,342] INFO     MainThread   - Motor fabricado
[2022-10-27 10:35:27,342] INFO     MainThread   - Ruedas fabricadas
[2022-10-27 10:35:27,467] INFO     MainThread   - Chasis fabricado
[2022-10-27 10:35:27,577] INFO     MainThread   - Ruedas fabricadas
[2022-10-27 10:35:27,672] INFO     MainThread   - Coche fabricado
[2022-10-27 10:35:27,672] INFO     MainThread   - Coche en concesionario
[2022-10-27 10:35:27,879] INFO     MainThread   - Chasis fabricado
[2022-10-27 10:35:28,020] INFO     MainThread   - Motor fabricado
[2022-10-27 10:35:28,129] INFO     MainThread   - Chasis fabricado
[2022-10-27 10:35:28,129] INFO     MainThread   - Motor fabricado
[2022-10-27 10:35:28,130] INFO     MainThread   - Chasis fabricado
[2022-10-27 10:35:28,362] INFO     MainThread   - Ruedas fabricadas
[2022-10-27 10:35:28,597] INFO     MainThread   - Motor fabricado
[2022-10-27 10:35:28,975] INFO     MainThread   - Chasis fabricado
[2022-10-27 10:35:28,975] INFO     MainThread   - Motor fabricado
[2022-10-27 10:35:29,327] INFO     MainThread   - Ruedas fabricadas
[2022-10-27 10:35:29,611] INFO     MainThread   - Ruedas fabricadas
[2022-10-27 10:35:29,644] INFO     MainThread   - Chasis fabricado
[2022-10-27 10:35:29,851] INFO     MainThread   - Motor fabricado
[2022-10-27 10:35:29,883] INFO     MainThread   - Chasis fabricado
[2022-10-27 10:35:29,883] INFO     MainThread   - Ruedas fabricadas
[2022-10-27 10:44:10,331] DEBUG    MainThread   - Configuración de debug: {'version': 1, 'formatters': {'standard': {'comment_format': '[%(asctime)s] %(levelname)-8s %(name)-12s %(threadName)-12s - %(message)s', 'format': '[%(asctime)s] %(levelname)-8s %(threadName)-12s - %(message)s'}}, 'handlers': {'file': {'filename': 'C:\\Users\\AlumnoM\\Documents\\DAM2\\PSP\\Desarrollo\\PSP-UD03-Corrutinas-Fuentes\\fabriacion_coches.log', 'level': 'DEBUG', 'class': 'logging.FileHandler', 'formatter': 'standard'}, 'stream': {'level': 'INFO', 'class': 'logging.StreamHandler', 'formatter': 'standard'}}, 'loggers': {'': {'handlers': ['file', 'stream'], 'level': 'DEBUG'}}}
[2022-10-27 10:44:10,550] INFO     MainThread   - Motor fabricado
[2022-10-27 10:44:10,929] INFO     MainThread   - Ruedas fabricadas
[2022-10-27 10:44:10,929] INFO     MainThread   - Chasis fabricado
[2022-10-27 10:44:11,303] INFO     MainThread   - Motor fabricado
[2022-10-27 10:44:11,382] INFO     MainThread   - Motor fabricado
[2022-10-27 10:44:11,622] INFO     MainThread   - Motor fabricado
[2022-10-27 10:44:11,763] INFO     MainThread   - Ruedas fabricadas
[2022-10-27 10:44:11,843] INFO     MainThread   - Chasis fabricado
[2022-10-27 10:44:12,034] INFO     MainThread   - Chasis fabricado
[2022-10-27 10:44:12,238] INFO     MainThread   - Motor fabricado
[2022-10-27 10:44:12,379] INFO     MainThread   - Chasis fabricado
[2022-10-27 10:44:12,425] INFO     MainThread   - Ruedas fabricadas
[2022-10-27 10:44:12,741] INFO     MainThread   - Motor fabricado
[2022-10-27 10:44:12,803] INFO     MainThread   - Motor fabricado
[2022-10-27 10:44:12,896] INFO     MainThread   - Ruedas fabricadas
[2022-10-27 10:44:13,024] INFO     MainThread   - Chasis fabricado
[2022-10-27 10:44:13,196] INFO     MainThread   - Chasis fabricado
[2022-10-27 10:44:13,368] INFO     MainThread   - Coche fabricado
[2022-10-27 10:44:13,368] INFO     MainThread   - Coche en concesionario
[2022-10-27 10:44:13,661] INFO     MainThread   - Ruedas fabricadas
[2022-10-27 10:44:13,803] INFO     MainThread   - Motor fabricado
[2022-10-27 10:44:14,166] INFO     MainThread   - Chasis fabricado
[2022-10-27 10:44:14,211] INFO     MainThread   - Motor fabricado
[2022-10-27 10:44:14,447] INFO     MainThread   - Ruedas fabricadas
[2022-10-27 10:44:14,541] INFO     MainThread   - Motor fabricado
[2022-10-27 10:44:14,683] INFO     MainThread   - Ruedas fabricadas
[2022-10-27 10:44:14,746] INFO     MainThread   - Ruedas fabricadas
[2022-10-27 10:44:14,887] INFO     MainThread   - Chasis fabricado
[2022-10-27 10:44:15,074] INFO     MainThread   - Motor fabricado
[2022-10-27 10:44:15,168] INFO     MainThread   - Chasis fabricado
[2022-10-27 10:44:15,545] INFO     MainThread   - Ruedas fabricadas
[2022-10-27 10:44:15,624] INFO     MainThread   - Ruedas fabricadas
[2022-10-27 10:44:15,654] INFO     MainThread   - Coche fabricado
[2022-10-27 10:44:15,654] INFO     MainThread   - Coche en concesionario
[2022-10-27 10:44:15,796] INFO     MainThread   - Motor fabricado
[2022-10-27 10:44:16,001] INFO     MainThread   - Chasis fabricado
[2022-10-27 10:44:16,205] INFO     MainThread   - Chasis fabricado
[2022-10-27 10:44:16,254] INFO     MainThread   - Motor fabricado
[2022-10-27 10:44:16,517] INFO     MainThread   - Ruedas fabricadas
[2022-10-27 10:44:16,661] INFO     MainThread   - Ruedas fabricadas
[2022-10-27 10:44:16,707] INFO     MainThread   - Ruedas fabricadas
[2022-10-27 10:44:16,737] INFO     MainThread   - Chasis fabricado
[2022-10-27 10:44:16,941] INFO     MainThread   - Chasis fabricado
[2022-10-27 10:44:17,085] INFO     MainThread   - Motor fabricado
[2022-10-27 10:44:17,085] INFO     MainThread   - Ruedas fabricadas
[2022-10-27 10:44:17,350] INFO     MainThread   - Chasis fabricado
[2022-10-27 10:44:17,663] INFO     MainThread   - Coche fabricado
[2022-10-27 10:44:17,663] INFO     MainThread   - Coche en concesionario
[2022-10-27 10:44:17,818] INFO     MainThread   - Ruedas fabricadas
[2022-10-27 10:44:17,930] INFO     MainThread   - Chasis fabricado
[2022-10-27 10:44:17,930] INFO     MainThread   - Ruedas fabricadas
[2022-10-27 10:44:17,930] INFO     MainThread   - Motor fabricado
[2022-10-27 10:44:18,420] INFO     MainThread   - Motor fabricado
[2022-10-27 10:44:18,420] INFO     MainThread   - Chasis fabricado
[2022-10-27 10:44:18,452] INFO     MainThread   - Chasis fabricado
[2022-10-27 10:44:18,452] INFO     MainThread   - Coche fabricado
[2022-10-27 10:44:18,452] INFO     MainThread   - Coche en concesionario
[2022-10-27 10:44:18,544] INFO     MainThread   - Chasis fabricado
[2022-10-27 10:44:18,641] INFO     MainThread   - Ruedas fabricadas
[2022-10-27 10:44:18,940] INFO     MainThread   - Chasis fabricado
[2022-10-27 10:44:18,970] INFO     MainThread   - Chasis fabricado
[2022-10-27 10:44:18,970] INFO     MainThread   - Ruedas fabricadas
[2022-10-27 10:44:19,138] INFO     MainThread   - Chasis fabricado
[2022-10-27 10:44:19,265] INFO     MainThread   - Ruedas fabricadas
[2022-10-27 10:44:19,427] INFO     MainThread   - Motor fabricado
[2022-10-27 10:44:19,790] INFO     MainThread   - Ruedas fabricadas
[2022-10-27 10:44:19,790] INFO     MainThread   - Chasis fabricado
[2022-10-27 10:44:19,867] INFO     MainThread   - Ruedas fabricadas
[2022-10-27 10:44:19,931] INFO     MainThread   - Motor fabricado
[2022-10-27 10:44:20,072] INFO     MainThread   - Chasis fabricado
[2022-10-27 10:44:20,072] INFO     MainThread   - Ruedas fabricadas
[2022-10-27 10:44:20,244] INFO     MainThread   - Motor fabricado
[2022-10-27 10:44:20,387] INFO     MainThread   - Coche fabricado
[2022-10-27 10:44:20,387] INFO     MainThread   - Coche en concesionario
[2022-10-27 10:44:20,608] INFO     MainThread   - Chasis fabricado
[2022-10-27 10:44:20,812] INFO     MainThread   - Motor fabricado
[2022-10-27 10:44:21,017] INFO     MainThread   - Ruedas fabricadas
[2022-10-27 10:44:21,095] INFO     MainThread   - Ruedas fabricadas
[2022-10-27 10:44:21,095] INFO     MainThread   - Ruedas fabricadas
[2022-10-27 10:44:21,219] INFO     MainThread   - Motor fabricado
[2022-10-27 10:44:21,381] INFO     MainThread   - Ruedas fabricadas
[2022-10-27 10:44:21,538] INFO     MainThread   - Chasis fabricado
[2022-10-27 10:44:21,788] INFO     MainThread   - Ruedas fabricadas
[2022-10-27 10:44:21,788] INFO     MainThread   - Coche fabricado
[2022-10-27 10:44:21,788] INFO     MainThread   - Coche en concesionario
[2022-10-27 10:44:21,975] INFO     MainThread   - Chasis fabricado
[2022-10-27 10:44:22,022] INFO     MainThread   - Motor fabricado
[2022-10-27 10:44:22,135] INFO     MainThread   - Motor fabricado
[2022-10-27 10:44:22,475] INFO     MainThread   - Motor fabricado
[2022-10-27 10:44:22,475] INFO     MainThread   - Ruedas fabricadas
[2022-10-27 10:44:22,552] INFO     MainThread   - Chasis fabricado
[2022-10-27 10:44:22,819] INFO     MainThread   - Coche fabricado
[2022-10-27 10:44:22,819] INFO     MainThread   - Coche en concesionario
[2022-10-27 10:44:23,069] INFO     MainThread   - Motor fabricado
[2022-10-27 10:44:23,271] INFO     MainThread   - Chasis fabricado
[2022-10-27 10:44:23,458] INFO     MainThread   - Ruedas fabricadas
[2022-10-27 10:44:23,536] INFO     MainThread   - Ruedas fabricadas
[2022-10-27 10:44:23,617] INFO     MainThread   - Ruedas fabricadas
[2022-10-27 10:44:23,837] INFO     MainThread   - Chasis fabricado
[2022-10-27 10:44:23,930] INFO     MainThread   - Motor fabricado
[2022-10-27 10:44:23,976] INFO     MainThread   - Ruedas fabricadas
[2022-10-27 10:44:24,397] INFO     MainThread   - Ruedas fabricadas
[2022-10-27 10:44:24,472] INFO     MainThread   - Motor fabricado
[2022-10-27 10:44:24,472] INFO     MainThread   - Coche fabricado
[2022-10-27 10:44:24,472] INFO     MainThread   - Coche en concesionario
[2022-10-27 10:44:24,803] INFO     MainThread   - Chasis fabricado
[2022-10-27 10:44:24,835] INFO     MainThread   - Chasis fabricado
[2022-10-27 10:44:24,883] INFO     MainThread   - Chasis fabricado
[2022-10-27 10:44:25,027] INFO     MainThread   - Ruedas fabricadas
[2022-10-27 10:44:25,330] INFO     MainThread   - Motor fabricado
[2022-10-27 10:44:25,378] INFO     MainThread   - Ruedas fabricadas
[2022-10-27 10:44:25,803] INFO     MainThread   - Motor fabricado
[2022-10-27 10:44:25,834] INFO     MainThread   - Chasis fabricado
[2022-10-27 10:44:25,880] INFO     MainThread   - Chasis fabricado
[2022-10-27 10:44:26,101] INFO     MainThread   - Ruedas fabricadas
[2022-10-27 10:44:26,177] INFO     MainThread   - Coche fabricado
[2022-10-27 10:44:26,177] INFO     MainThread   - Coche en concesionario
[2022-10-27 10:44:26,288] INFO     MainThread   - Chasis fabricado
[2022-10-27 10:44:26,351] INFO     MainThread   - Motor fabricado
[2022-10-27 10:44:26,381] INFO     MainThread   - Chasis fabricado
[2022-10-27 10:44:26,444] INFO     MainThread   - Motor fabricado
[2022-10-27 10:44:26,444] INFO     MainThread   - Ruedas fabricadas
[2022-10-27 10:44:26,698] INFO     MainThread   - Chasis fabricado
[2022-10-27 10:44:27,359] INFO     MainThread   - Motor fabricado
[2022-10-27 10:44:27,436] INFO     MainThread   - Ruedas fabricadas
[2022-10-27 10:44:27,559] INFO     MainThread   - Chasis fabricado
[2022-10-27 10:44:27,559] INFO     MainThread   - Motor fabricado
[2022-10-27 10:44:28,058] INFO     MainThread   - Chasis fabricado
[2022-10-27 10:44:28,088] INFO     MainThread   - Chasis fabricado
[2022-10-27 10:44:28,135] INFO     MainThread   - Ruedas fabricadas
[2022-10-27 10:44:28,165] INFO     MainThread   - Chasis fabricado
[2022-10-27 10:44:28,322] INFO     MainThread   - Motor fabricado
[2022-10-27 10:44:28,505] INFO     MainThread   - Motor fabricado
[2022-10-27 10:44:28,582] INFO     MainThread   - Chasis fabricado
[2022-10-27 10:44:28,835] INFO     MainThread   - Ruedas fabricadas
[2022-10-27 10:44:29,208] INFO     MainThread   - Motor fabricado
[2022-10-27 10:44:29,381] INFO     MainThread   - Chasis fabricado
[2022-10-27 10:44:29,489] INFO     MainThread   - Ruedas fabricadas
[2022-10-27 10:44:29,831] INFO     MainThread   - Motor fabricado
[2022-10-27 10:44:29,831] INFO     MainThread   - Coche fabricado
[2022-10-27 10:44:29,831] INFO     MainThread   - Coche en concesionario
[2022-10-27 10:44:29,958] INFO     MainThread   - Chasis fabricado
[2022-10-27 10:44:30,064] INFO     MainThread   - Chasis fabricado
[2022-10-27 10:44:30,206] INFO     MainThread   - Ruedas fabricadas
[2022-10-27 10:44:30,521] INFO     MainThread   - Ruedas fabricadas
[2022-10-27 10:44:30,521] INFO     MainThread   - Chasis fabricado
[2022-10-27 10:44:30,689] INFO     MainThread   - Motor fabricado
[2022-10-27 10:44:30,735] INFO     MainThread   - Ruedas fabricadas
[2022-10-27 10:44:30,893] INFO     MainThread   - Motor fabricado
[2022-10-27 10:44:30,893] INFO     MainThread   - Coche fabricado
[2022-10-27 10:44:30,893] INFO     MainThread   - Coche en concesionario
[2022-10-27 10:44:31,162] INFO     MainThread   - Motor fabricado
[2022-10-27 10:44:31,194] INFO     MainThread   - Chasis fabricado
[2022-10-27 10:44:31,350] INFO     MainThread   - Chasis fabricado
[2022-10-27 10:44:31,490] INFO     MainThread   - Motor fabricado
[2022-10-27 10:44:31,614] INFO     MainThread   - Ruedas fabricadas
[2022-10-27 10:44:31,895] INFO     MainThread   - Ruedas fabricadas
[2022-10-27 10:44:32,127] INFO     MainThread   - Chasis fabricado
[2022-10-27 10:44:32,175] INFO     MainThread   - Ruedas fabricadas
[2022-10-27 10:44:32,367] INFO     MainThread   - Ruedas fabricadas
[2022-10-27 10:44:32,474] INFO     MainThread   - Motor fabricado
[2022-10-27 10:44:32,729] INFO     MainThread   - Coche fabricado
[2022-10-27 10:44:32,729] INFO     MainThread   - Motor fabricado
[2022-10-27 10:44:32,729] INFO     MainThread   - Coche en concesionario
[2022-10-27 10:44:32,823] INFO     MainThread   - Ruedas fabricadas
[2022-10-27 10:44:32,823] INFO     MainThread   - Chasis fabricado
[2022-10-27 10:44:32,899] INFO     MainThread   - Motor fabricado
[2022-10-27 10:44:33,390] INFO     MainThread   - Ruedas fabricadas
[2022-10-27 10:44:33,511] INFO     MainThread   - Chasis fabricado
[2022-10-27 10:44:33,902] INFO     MainThread   - Motor fabricado
[2022-10-27 10:44:33,979] INFO     MainThread   - Chasis fabricado
[2022-10-27 10:44:34,010] INFO     MainThread   - Ruedas fabricadas
[2022-10-27 10:44:34,406] INFO     MainThread   - Motor fabricado
[2022-10-27 10:44:34,859] INFO     MainThread   - Motor fabricado
[2022-10-27 10:44:34,956] INFO     MainThread   - Chasis fabricado
[2022-10-27 10:44:34,956] INFO     MainThread   - Ruedas fabricadas
[2022-10-27 10:44:35,500] INFO     MainThread   - Ruedas fabricadas
[2022-10-27 10:44:35,671] INFO     MainThread   - Motor fabricado
[2022-10-27 10:44:35,781] INFO     MainThread   - Ruedas fabricadas
[2022-10-27 10:44:35,829] INFO     MainThread   - Ruedas fabricadas
[2022-10-27 10:44:35,877] INFO     MainThread   - Chasis fabricado
[2022-10-27 10:44:35,877] INFO     MainThread   - Coche fabricado
[2022-10-27 10:44:35,877] INFO     MainThread   - Coche en concesionario
[2022-10-27 10:44:36,131] INFO     MainThread   - Chasis fabricado
[2022-10-27 10:44:36,493] INFO     MainThread   - Motor fabricado
[2022-10-27 10:44:36,572] INFO     MainThread   - Motor fabricado
[2022-10-27 10:44:36,743] INFO     MainThread   - Ruedas fabricadas
[2022-10-27 10:44:37,145] INFO     MainThread   - Chasis fabricado
[2022-10-27 10:44:37,239] INFO     MainThread   - Motor fabricado
[2022-10-27 10:44:37,239] INFO     MainThread   - Ruedas fabricadas
[2022-10-27 10:44:37,395] INFO     MainThread   - Ruedas fabricadas
[2022-10-27 10:44:37,411] INFO     MainThread   - Ruedas fabricadas
[2022-10-27 10:44:37,538] INFO     MainThread   - Coche fabricado
[2022-10-27 10:44:37,538] INFO     MainThread   - Coche en concesionario
[2022-10-27 10:44:37,853] INFO     MainThread   - Chasis fabricado
[2022-10-27 10:44:38,118] INFO     MainThread   - Motor fabricado
[2022-10-27 10:44:38,371] INFO     MainThread   - Ruedas fabricadas
[2022-10-27 10:44:38,371] INFO     MainThread   - Chasis fabricado
[2022-10-27 10:44:38,529] INFO     MainThread   - Motor fabricado
[2022-10-27 10:44:38,593] INFO     MainThread   - Coche fabricado
[2022-10-27 10:44:38,593] INFO     MainThread   - Ruedas fabricadas
[2022-10-27 10:44:38,593] INFO     MainThread   - Coche en concesionario
[2022-10-27 10:44:38,735] INFO     MainThread   - Motor fabricado
[2022-10-27 10:44:38,956] INFO     MainThread   - Chasis fabricado
[2022-10-27 10:44:39,268] INFO     MainThread   - Ruedas fabricadas
[2022-10-27 10:44:39,345] INFO     MainThread   - Motor fabricado
[2022-10-27 10:44:39,533] INFO     MainThread   - Motor fabricado
[2022-10-27 10:44:39,610] INFO     MainThread   - Chasis fabricado
[2022-10-27 10:44:39,688] INFO     MainThread   - Motor fabricado
[2022-10-27 10:44:39,798] INFO     MainThread   - Motor fabricado
[2022-10-27 10:44:40,054] INFO     MainThread   - Chasis fabricado
[2022-10-27 10:44:40,230] INFO     MainThread   - Ruedas fabricadas
[2022-10-27 10:44:40,356] INFO     MainThread   - Motor fabricado
[2022-10-27 10:44:41,006] INFO     MainThread   - Chasis fabricado
[2022-10-27 10:44:41,208] INFO     MainThread   - Ruedas fabricadas
[2022-10-27 10:44:41,240] INFO     MainThread   - Motor fabricado
[2022-10-27 10:44:41,556] INFO     MainThread   - Ruedas fabricadas
[2022-10-27 10:44:41,649] INFO     MainThread   - Coche fabricado
[2022-10-27 10:44:41,649] INFO     MainThread   - Coche en concesionario
[2022-10-27 10:44:41,746] INFO     MainThread   - Ruedas fabricadas
[2022-10-27 10:44:41,824] INFO     MainThread   - Ruedas fabricadas
[2022-10-27 10:44:41,855] INFO     MainThread   - Chasis fabricado
[2022-10-27 10:44:41,948] INFO     MainThread   - Motor fabricado
[2022-10-27 10:44:42,073] INFO     MainThread   - Chasis fabricado
[2022-10-27 10:44:42,073] INFO     MainThread   - Chasis fabricado
[2022-10-27 10:44:42,213] INFO     MainThread   - Motor fabricado
[2022-10-27 10:44:42,432] INFO     MainThread   - Motor fabricado
[2022-10-27 10:44:42,559] INFO     MainThread   - Ruedas fabricadas
[2022-10-27 10:44:42,983] INFO     MainThread   - Chasis fabricado
[2022-10-27 10:44:43,197] INFO     MainThread   - Coche fabricado
[2022-10-27 10:44:43,197] INFO     MainThread   - Coche en concesionario
[2022-10-27 10:44:43,229] INFO     MainThread   - Motor fabricado
[2022-10-27 10:44:43,416] INFO     MainThread   - Motor fabricado
[2022-10-27 10:44:43,466] INFO     MainThread   - Ruedas fabricadas
[2022-10-27 10:44:43,544] INFO     MainThread   - Ruedas fabricadas
[2022-10-27 10:44:43,575] INFO     MainThread   - Chasis fabricado
[2022-10-27 10:44:43,653] INFO     MainThread   - Ruedas fabricadas
[2022-10-27 10:44:43,715] INFO     MainThread   - Motor fabricado
[2022-10-27 10:44:43,950] INFO     MainThread   - Chasis fabricado
[2022-10-27 10:44:44,184] INFO     MainThread   - Ruedas fabricadas
[2022-10-27 10:44:44,262] INFO     MainThread   - Motor fabricado
[2022-10-27 10:44:44,516] INFO     MainThread   - Coche fabricado
[2022-10-27 10:44:44,516] INFO     MainThread   - Coche en concesionario
[2022-10-27 10:44:44,717] INFO     MainThread   - Ruedas fabricadas
[2022-10-27 10:44:44,717] INFO     MainThread   - Chasis fabricado
[2022-10-27 10:44:44,843] INFO     MainThread   - Motor fabricado
[2022-10-27 10:44:45,124] INFO     MainThread   - Chasis fabricado
[2022-10-27 10:44:45,203] INFO     MainThread   - Ruedas fabricadas
[2022-10-27 10:44:45,296] INFO     MainThread   - Motor fabricado
[2022-10-27 10:44:45,499] INFO     MainThread   - Chasis fabricado
[2022-10-27 10:44:45,827] INFO     MainThread   - Chasis fabricado
[2022-10-27 10:44:45,998] INFO     MainThread   - Chasis fabricado
[2022-10-27 10:44:46,186] INFO     MainThread   - Ruedas fabricadas
[2022-10-27 10:44:46,279] INFO     MainThread   - Motor fabricado
[2022-10-27 10:44:46,644] INFO     MainThread   - Chasis fabricado
[2022-10-27 10:44:46,707] INFO     MainThread   - Chasis fabricado
[2022-10-27 10:44:46,707] INFO     MainThread   - Ruedas fabricadas
[2022-10-27 10:44:46,883] INFO     MainThread   - Motor fabricado
[2022-10-27 10:44:47,056] INFO     MainThread   - Coche fabricado
[2022-10-27 10:44:47,056] INFO     MainThread   - Coche en concesionario
[2022-10-27 10:44:47,149] INFO     MainThread   - Chasis fabricado
[2022-10-27 10:44:47,496] INFO     MainThread   - Ruedas fabricadas
[2022-10-27 10:44:47,761] INFO     MainThread   - Motor fabricado
[2022-10-27 10:44:47,945] INFO     MainThread   - Chasis fabricado
[2022-10-27 10:44:47,991] INFO     MainThread   - Chasis fabricado
[2022-10-27 10:44:48,134] INFO     MainThread   - Ruedas fabricadas
[2022-10-27 10:44:48,540] INFO     MainThread   - Motor fabricado
[2022-10-27 10:44:48,667] INFO     MainThread   - Chasis fabricado
[2022-10-27 10:44:48,697] INFO     MainThread   - Chasis fabricado
[2022-10-27 10:44:48,728] INFO     MainThread   - Chasis fabricado
[2022-10-27 10:44:48,776] INFO     MainThread   - Ruedas fabricadas
[2022-10-27 10:44:49,026] INFO     MainThread   - Chasis fabricado
[2022-10-27 10:44:49,105] INFO     MainThread   - Chasis fabricado
[2022-10-27 10:44:49,384] INFO     MainThread   - Ruedas fabricadas
[2022-10-27 10:44:49,431] INFO     MainThread   - Motor fabricado
[2022-10-27 10:44:49,431] INFO     MainThread   - Chasis fabricado
[2022-10-27 10:44:49,901] INFO     MainThread   - Motor fabricado
[2022-10-27 10:44:49,995] INFO     MainThread   - Coche fabricado
[2022-10-27 10:44:49,995] INFO     MainThread   - Coche en concesionario
[2022-10-27 10:44:50,041] INFO     MainThread   - Chasis fabricado
[2022-10-27 10:44:50,182] INFO     MainThread   - Ruedas fabricadas
[2022-10-27 10:44:50,261] INFO     MainThread   - Motor fabricado
[2022-10-27 10:44:50,683] INFO     MainThread   - Motor fabricado
[2022-10-27 10:44:50,774] INFO     MainThread   - Chasis fabricado
[2022-10-27 10:44:50,899] INFO     MainThread   - Motor fabricado
[2022-10-27 10:44:50,977] INFO     MainThread   - Ruedas fabricadas
[2022-10-27 10:44:51,229] INFO     MainThread   - Ruedas fabricadas
[2022-10-27 10:44:51,229] INFO     MainThread   - Chasis fabricado
[2022-10-27 10:44:51,821] INFO     MainThread   - Chasis fabricado
[2022-10-27 10:44:51,897] INFO     MainThread   - Motor fabricado
[2022-10-27 10:44:51,959] INFO     MainThread   - Ruedas fabricadas
[2022-10-27 10:44:52,085] INFO     MainThread   - Coche fabricado
[2022-10-27 10:44:52,085] INFO     MainThread   - Coche en concesionario
[2022-10-27 10:44:52,419] INFO     MainThread   - Chasis fabricado
[2022-10-27 10:44:52,546] INFO     MainThread   - Ruedas fabricadas
[2022-10-27 10:44:52,699] INFO     MainThread   - Ruedas fabricadas
[2022-10-27 10:44:52,746] INFO     MainThread   - Motor fabricado
[2022-10-27 10:44:52,825] INFO     MainThread   - Motor fabricado
[2022-10-27 10:44:53,012] INFO     MainThread   - Chasis fabricado
[2022-10-27 10:44:53,474] INFO     MainThread   - Chasis fabricado
[2022-10-27 10:44:53,556] INFO     MainThread   - Ruedas fabricadas
[2022-10-27 10:44:53,780] INFO     MainThread   - Motor fabricado
[2022-10-27 10:44:54,276] INFO     MainThread   - Ruedas fabricadas
[2022-10-27 10:44:54,402] INFO     MainThread   - Chasis fabricado
[2022-10-27 10:44:54,495] INFO     MainThread   - Motor fabricado
[2022-10-27 10:44:54,727] INFO     MainThread   - Coche fabricado
[2022-10-27 10:44:54,727] INFO     MainThread   - Coche en concesionario
[2022-10-27 10:44:54,807] INFO     MainThread   - Chasis fabricado
[2022-10-27 10:44:54,886] INFO     MainThread   - Motor fabricado
[2022-10-27 10:44:55,215] INFO     MainThread   - Chasis fabricado
[2022-10-27 10:44:55,261] INFO     MainThread   - Ruedas fabricadas
[2022-10-27 10:44:55,496] INFO     MainThread   - Ruedas fabricadas
[2022-10-27 10:44:55,620] INFO     MainThread   - Ruedas fabricadas
[2022-10-27 10:44:55,667] INFO     MainThread   - Motor fabricado
[2022-10-27 10:44:55,999] INFO     MainThread   - Chasis fabricado
[2022-10-27 10:44:56,186] INFO     MainThread   - Ruedas fabricadas
[2022-10-27 10:44:56,340] INFO     MainThread   - Motor fabricado
[2022-10-27 10:44:56,618] INFO     MainThread   - Coche fabricado
[2022-10-27 10:44:56,618] INFO     MainThread   - Coche en concesionario
[2022-10-27 10:44:56,666] INFO     MainThread   - Chasis fabricado
[2022-10-27 10:44:56,950] INFO     MainThread   - Ruedas fabricadas
[2022-10-27 10:44:57,091] INFO     MainThread   - Chasis fabricado
[2022-10-27 10:44:57,216] INFO     MainThread   - Motor fabricado
[2022-10-27 10:44:57,397] INFO     MainThread   - Ruedas fabricadas
[2022-10-27 10:44:57,831] INFO     MainThread   - Motor fabricado
[2022-10-27 10:44:57,877] INFO     MainThread   - Ruedas fabricadas
[2022-10-27 10:44:57,908] INFO     MainThread   - Chasis fabricado
[2022-10-27 10:44:58,344] INFO     MainThread   - Chasis fabricado
[2022-10-27 10:44:58,375] INFO     MainThread   - Ruedas fabricadas
[2022-10-27 10:44:58,529] INFO     MainThread   - Motor fabricado
[2022-10-27 10:44:58,779] INFO     MainThread   - Motor fabricado
[2022-10-27 10:44:58,902] INFO     MainThread   - Motor fabricado
[2022-10-27 10:44:58,935] INFO     MainThread   - Chasis fabricado
[2022-10-27 10:44:59,253] INFO     MainThread   - Ruedas fabricadas
[2022-10-27 10:44:59,284] INFO     MainThread   - Coche fabricado
[2022-10-27 10:44:59,284] INFO     MainThread   - Coche en concesionario
[2022-10-27 10:44:59,346] INFO     MainThread   - Ruedas fabricadas
[2022-10-27 10:44:59,554] INFO     MainThread   - Ruedas fabricadas
[2022-10-27 10:44:59,554] INFO     MainThread   - Motor fabricado
[2022-10-27 10:44:59,586] INFO     MainThread   - Chasis fabricado
[2022-10-27 10:44:59,617] INFO     MainThread   - Motor fabricado
[2022-10-27 10:44:59,883] INFO     MainThread   - Chasis fabricado
[2022-10-27 10:45:00,021] INFO     MainThread   - Chasis fabricado
[2022-10-27 10:45:00,467] INFO     MainThread   - Motor fabricado
[2022-10-27 10:45:00,514] INFO     MainThread   - Ruedas fabricadas
[2022-10-27 10:45:00,578] INFO     MainThread   - Chasis fabricado
[2022-10-27 10:45:00,912] INFO     MainThread   - Coche fabricado
[2022-10-27 10:45:00,912] INFO     MainThread   - Coche en concesionario
[2022-10-27 10:45:01,113] INFO     MainThread   - Motor fabricado
[2022-10-27 10:45:01,222] INFO     MainThread   - Chasis fabricado
[2022-10-27 10:45:01,348] INFO     MainThread   - Ruedas fabricadas
[2022-10-27 10:45:01,772] INFO     MainThread   - Ruedas fabricadas
[2022-10-27 10:45:01,957] INFO     MainThread   - Motor fabricado
[2022-10-27 10:45:02,190] INFO     MainThread   - Chasis fabricado
[2022-10-27 10:45:02,583] INFO     MainThread   - Ruedas fabricadas
[2022-10-27 10:45:02,818] INFO     MainThread   - Motor fabricado
[2022-10-27 10:45:02,947] INFO     MainThread   - Chasis fabricado
[2022-10-27 10:45:02,947] INFO     MainThread   - Ruedas fabricadas
[2022-10-27 10:45:03,418] INFO     MainThread   - Coche fabricado
[2022-10-27 10:45:03,418] INFO     MainThread   - Coche en concesionario
[2022-10-27 10:45:03,713] INFO     MainThread   - Ruedas fabricadas
[2022-10-27 10:45:03,820] INFO     MainThread   - Motor fabricado
[2022-10-27 10:45:03,883] INFO     MainThread   - Chasis fabricado
[2022-10-27 10:45:04,275] INFO     MainThread   - Ruedas fabricadas
[2022-10-27 10:45:04,414] INFO     MainThread   - Chasis fabricado
[2022-10-27 10:45:04,679] INFO     MainThread   - Motor fabricado
[2022-10-27 10:45:04,756] INFO     MainThread   - Motor fabricado
[2022-10-27 10:45:05,191] INFO     MainThread   - Motor fabricado
[2022-10-27 10:45:05,191] INFO     MainThread   - Chasis fabricado
[2022-10-27 10:45:05,238] INFO     MainThread   - Ruedas fabricadas
[2022-10-27 10:45:05,332] INFO     MainThread   - Chasis fabricado
[2022-10-27 10:45:05,579] INFO     MainThread   - Ruedas fabricadas
[2022-10-27 10:45:05,880] INFO     MainThread   - Chasis fabricado
[2022-10-27 10:45:05,927] INFO     MainThread   - Motor fabricado
[2022-10-27 10:45:06,115] INFO     MainThread   - Motor fabricado
[2022-10-27 10:45:06,164] INFO     MainThread   - Chasis fabricado
[2022-10-27 10:45:06,465] INFO     MainThread   - Coche fabricado
[2022-10-27 10:45:06,465] INFO     MainThread   - Coche en concesionario
[2022-10-27 10:45:06,560] INFO     MainThread   - Ruedas fabricadas
[2022-10-27 10:45:06,748] INFO     MainThread   - Chasis fabricado
[2022-10-27 10:45:06,841] INFO     MainThread   - Motor fabricado
[2022-10-27 10:45:07,247] INFO     MainThread   - Ruedas fabricadas
[2022-10-27 10:45:07,470] INFO     MainThread   - Motor fabricado
[2022-10-27 10:45:07,502] INFO     MainThread   - Chasis fabricado
[2022-10-27 10:45:07,550] INFO     MainThread   - Ruedas fabricadas
[2022-10-27 10:45:07,787] INFO     MainThread   - Chasis fabricado
[2022-10-27 10:45:07,851] INFO     MainThread   - Chasis fabricado
[2022-10-27 10:45:07,851] INFO     MainThread   - Ruedas fabricadas
[2022-10-27 10:45:08,072] INFO     MainThread   - Motor fabricado
[2022-10-27 10:45:08,518] INFO     MainThread   - Ruedas fabricadas
[2022-10-27 10:45:08,518] INFO     MainThread   - Coche fabricado
[2022-10-27 10:45:08,518] INFO     MainThread   - Coche en concesionario
[2022-10-27 10:45:08,550] INFO     MainThread   - Chasis fabricado
[2022-10-27 10:45:08,582] INFO     MainThread   - Ruedas fabricadas
[2022-10-27 10:45:08,977] INFO     MainThread   - Motor fabricado
[2022-10-27 10:45:09,354] INFO     MainThread   - Chasis fabricado
[2022-10-27 10:45:09,528] INFO     MainThread   - Ruedas fabricadas
[2022-10-27 10:45:09,528] INFO     MainThread   - Motor fabricado
[2022-10-27 10:45:09,769] INFO     MainThread   - Motor fabricado
[2022-10-27 10:45:09,925] INFO     MainThread   - Ruedas fabricadas
[2022-10-27 10:45:10,231] INFO     MainThread   - Ruedas fabricadas
[2022-10-27 10:45:10,312] INFO     MainThread   - Chasis fabricado
[2022-10-27 10:45:10,342] INFO     MainThread   - Chasis fabricado
[2022-10-27 10:45:10,719] INFO     MainThread   - Motor fabricado
[2022-10-27 10:45:10,735] INFO     MainThread   - Motor fabricado
[2022-10-27 10:45:10,782] INFO     MainThread   - Coche fabricado
[2022-10-27 10:45:10,782] INFO     MainThread   - Coche en concesionario
[2022-10-27 10:45:10,923] INFO     MainThread   - Chasis fabricado
[2022-10-27 10:45:11,112] INFO     MainThread   - Ruedas fabricadas
[2022-10-27 10:45:11,394] INFO     MainThread   - Chasis fabricado
[2022-10-27 10:45:11,568] INFO     MainThread   - Ruedas fabricadas
[2022-10-27 10:45:11,600] INFO     MainThread   - Motor fabricado
[2022-10-27 10:45:11,772] INFO     MainThread   - Chasis fabricado
[2022-10-27 10:45:11,898] INFO     MainThread   - Chasis fabricado
[2022-10-27 10:45:11,963] INFO     MainThread   - Motor fabricado
[2022-10-27 10:45:12,040] INFO     MainThread   - Motor fabricado
[2022-10-27 10:45:12,276] INFO     MainThread   - Motor fabricado
[2022-10-27 10:45:12,324] INFO     MainThread   - Ruedas fabricadas
[2022-10-27 10:45:12,450] INFO     MainThread   - Coche fabricado
[2022-10-27 10:45:12,450] INFO     MainThread   - Coche en concesionario
[2022-10-27 10:45:12,735] INFO     MainThread   - Chasis fabricado
[2022-10-27 10:45:12,813] INFO     MainThread   - Chasis fabricado
[2022-10-27 10:45:12,891] INFO     MainThread   - Ruedas fabricadas
[2022-10-27 10:45:13,264] INFO     MainThread   - Motor fabricado
[2022-10-27 10:45:13,359] INFO     MainThread   - Motor fabricado
[2022-10-27 10:45:13,405] INFO     MainThread   - Chasis fabricado
[2022-10-27 10:45:13,732] INFO     MainThread   - Chasis fabricado
[2022-10-27 10:45:13,732] INFO     MainThread   - Ruedas fabricadas
[2022-10-27 10:45:13,843] INFO     MainThread   - Motor fabricado
[2022-10-27 10:45:13,903] INFO     MainThread   - Ruedas fabricadas
[2022-10-27 10:45:13,999] INFO     MainThread   - Motor fabricado
[2022-10-27 10:45:14,449] INFO     MainThread   - Chasis fabricado
[2022-10-27 10:45:14,744] INFO     MainThread   - Ruedas fabricadas
[2022-10-27 10:45:14,776] INFO     MainThread   - Chasis fabricado
[2022-10-27 10:45:14,807] INFO     MainThread   - Motor fabricado
[2022-10-27 10:45:14,807] INFO     MainThread   - Coche fabricado
[2022-10-27 10:45:14,808] INFO     MainThread   - Coche en concesionario
[2022-10-27 10:45:15,042] INFO     MainThread   - Ruedas fabricadas
[2022-10-27 10:45:15,042] INFO     MainThread   - Motor fabricado
[2022-10-27 10:45:15,201] INFO     MainThread   - Chasis fabricado
[2022-10-27 10:45:15,235] INFO     MainThread   - Chasis fabricado
[2022-10-27 10:45:15,672] INFO     MainThread   - Chasis fabricado
[2022-10-27 10:45:15,702] INFO     MainThread   - Motor fabricado
[2022-10-27 10:45:15,702] INFO     MainThread   - Ruedas fabricadas
