<?xml version="1.0" encoding="UTF-8" standalone="no"?>
<!DOCTYPE log SYSTEM "logger.dtd">
<log>
<record>
  <date>2022-11-06T11:33:25.520787700Z</date>
  <millis>1667734405520</millis>
  <nanos>787700</nanos>
  <sequence>0</sequence>
  <logger>LaOca</logger>
  <level>FINE</level>
  <class>LaOca</class>
  <method>main</method>
  <thread>1</thread>
  <message>Threads iniciados</message>
</record>
<record>
  <date>2022-11-06T11:33:25.865866100Z</date>
  <millis>1667734405865</millis>
  <nanos>866100</nanos>
  <sequence>1</sequence>
  <logger>LaOca</logger>
  <level>INFO</level>
  <class>LaOca$Jugador</class>
  <method>run</method>
  <thread>17</thread>
  <message>
</message>
</record>
<record>
  <date>2022-11-06T11:33:25.904874200Z</date>
  <millis>1667734405904</millis>
  <nanos>874200</nanos>
  <sequence>2</sequence>
  <logger>LaOca</logger>
  <level>INFO</level>
  <class>LaOca$Jugador</class>
  <method>run</method>
  <thread>17</thread>
  <message>Thread-0 - Has sacado un 2</message>
</record>
<record>
  <date>2022-11-06T11:33:25.905874200Z</date>
  <millis>1667734405905</millis>
  <nanos>874200</nanos>
  <sequence>3</sequence>
  <logger>LaOca</logger>
  <level>INFO</level>
  <class>LaOca$Jugador</class>
  <method>run</method>
  <thread>17</thread>
  <message>Thread-0 - Tu posicion es 2</message>
</record>
<record>
  <date>2022-11-06T11:33:26.075912700Z</date>
  <millis>1667734406075</millis>
  <nanos>912700</nanos>
  <sequence>4</sequence>
  <logger>LaOca</logger>
  <level>INFO</level>
  <class>LaOca$Jugador</class>
  <method>run</method>
  <thread>21</thread>
  <message>
</message>
</record>
<record>
  <date>2022-11-06T11:33:26.075912700Z</date>
  <millis>1667734406075</millis>
  <nanos>912700</nanos>
  <sequence>5</sequence>
  <logger>LaOca</logger>
  <level>INFO</level>
  <class>LaOca$Jugador</class>
  <method>run</method>
  <thread>21</thread>
  <message>Thread-4 - Has sacado un 2</message>
</record>
<record>
  <date>2022-11-06T11:33:26.076912900Z</date>
  <millis>1667734406076</millis>
  <nanos>912900</nanos>
  <sequence>6</sequence>
  <logger>LaOca</logger>
  <level>INFO</level>
  <class>LaOca$Jugador</class>
  <method>run</method>
  <thread>21</thread>
  <message>Thread-4 - Tu posicion es 2</message>
</record>
<record>
  <date>2022-11-06T11:33:26.332972300Z</date>
  <millis>1667734406332</millis>
  <nanos>972300</nanos>
  <sequence>7</sequence>
  <logger>LaOca</logger>
  <level>INFO</level>
  <class>LaOca$Jugador</class>
  <method>run</method>
  <thread>18</thread>
  <message>
</message>
</record>
<record>
  <date>2022-11-06T11:33:26.333972Z</date>
  <millis>1667734406333</millis>
  <nanos>972000</nanos>
  <sequence>8</sequence>
  <logger>LaOca</logger>
  <level>INFO</level>
  <class>LaOca$Jugador</class>
  <method>run</method>
  <thread>18</thread>
  <message>Thread-1 - Has sacado un 5</message>
</record>
<record>
  <date>2022-11-06T11:33:26.334971600Z</date>
  <millis>1667734406334</millis>
  <nanos>971600</nanos>
  <sequence>9</sequence>
  <logger>LaOca</logger>
  <level>INFO</level>
  <class>LaOca$Jugador</class>
  <method>run</method>
  <thread>18</thread>
  <message>Thread-1 - Tu posicion es 5</message>
</record>
<record>
  <date>2022-11-06T11:33:26.344974Z</date>
  <millis>1667734406344</millis>
  <nanos>974000</nanos>
  <sequence>10</sequence>
  <logger>LaOca</logger>
  <level>INFO</level>
  <class>LaOca$Jugador</class>
  <method>run</method>
  <thread>24</thread>
  <message>
</message>
</record>
<record>
  <date>2022-11-06T11:33:26.345976100Z</date>
  <millis>1667734406345</millis>
  <nanos>976100</nanos>
  <sequence>11</sequence>
  <logger>LaOca</logger>
  <level>INFO</level>
  <class>LaOca$Jugador</class>
  <method>run</method>
  <thread>24</thread>
  <message>Thread-7 - Has sacado un 3</message>
</record>
<record>
  <date>2022-11-06T11:33:26.345976100Z</date>
  <millis>1667734406345</millis>
  <nanos>976100</nanos>
  <sequence>12</sequence>
  <logger>LaOca</logger>
  <level>INFO</level>
  <class>LaOca$Jugador</class>
  <method>run</method>
  <thread>24</thread>
  <message>Thread-7 - Tu posicion es 3</message>
</record>
<record>
  <date>2022-11-06T11:33:26.569023800Z</date>
  <millis>1667734406569</millis>
  <nanos>23800</nanos>
  <sequence>13</sequence>
  <logger>LaOca</logger>
  <level>INFO</level>
  <class>LaOca$Jugador</class>
  <method>run</method>
  <thread>24</thread>
  <message>
</message>
</record>
<record>
  <date>2022-11-06T11:33:26.569023800Z</date>
  <millis>1667734406569</millis>
  <nanos>23800</nanos>
  <sequence>14</sequence>
  <logger>LaOca</logger>
  <level>INFO</level>
  <class>LaOca$Jugador</class>
  <method>run</method>
  <thread>24</thread>
  <message>Thread-7 - Has sacado un 3</message>
</record>
<record>
  <date>2022-11-06T11:33:26.570024300Z</date>
  <millis>1667734406570</millis>
  <nanos>24300</nanos>
  <sequence>15</sequence>
  <logger>LaOca</logger>
  <level>INFO</level>
  <class>LaOca$Jugador</class>
  <method>run</method>
  <thread>24</thread>
  <message>Thread-7 - Tu posicion es 6</message>
</record>
<record>
  <date>2022-11-06T11:33:26.963113Z</date>
  <millis>1667734406963</millis>
  <nanos>113000</nanos>
  <sequence>16</sequence>
  <logger>LaOca</logger>
  <level>INFO</level>
  <class>LaOca$Jugador</class>
  <method>run</method>
  <thread>20</thread>
  <message>
</message>
</record>
<record>
  <date>2022-11-06T11:33:26.963113Z</date>
  <millis>1667734406963</millis>
  <nanos>113000</nanos>
  <sequence>17</sequence>
  <logger>LaOca</logger>
  <level>INFO</level>
  <class>LaOca$Jugador</class>
  <method>run</method>
  <thread>20</thread>
  <message>Thread-3 - Has sacado un 2</message>
</record>
<record>
  <date>2022-11-06T11:33:26.964113300Z</date>
  <millis>1667734406964</millis>
  <nanos>113300</nanos>
  <sequence>18</sequence>
  <logger>LaOca</logger>
  <level>INFO</level>
  <class>LaOca$Jugador</class>
  <method>run</method>
  <thread>20</thread>
  <message>Thread-3 - Tu posicion es 2</message>
</record>
<record>
  <date>2022-11-06T11:33:27.000121100Z</date>
  <millis>1667734407000</millis>
  <nanos>121100</nanos>
  <sequence>19</sequence>
  <logger>LaOca</logger>
  <level>INFO</level>
  <class>LaOca$Jugador</class>
  <method>run</method>
  <thread>25</thread>
  <message>
</message>
</record>
<record>
  <date>2022-11-06T11:33:27.000121100Z</date>
  <millis>1667734407000</millis>
  <nanos>121100</nanos>
  <sequence>20</sequence>
  <logger>LaOca</logger>
  <level>INFO</level>
  <class>LaOca$Jugador</class>
  <method>run</method>
  <thread>25</thread>
  <message>Thread-8 - Has sacado un 4</message>
</record>
<record>
  <date>2022-11-06T11:33:27.001121800Z</date>
  <millis>1667734407001</millis>
  <nanos>121800</nanos>
  <sequence>21</sequence>
  <logger>LaOca</logger>
  <level>INFO</level>
  <class>LaOca$Jugador</class>
  <method>run</method>
  <thread>25</thread>
  <message>Thread-8 - Tu posicion es 4</message>
</record>
<record>
  <date>2022-11-06T11:33:27.025126700Z</date>
  <millis>1667734407025</millis>
  <nanos>126700</nanos>
  <sequence>22</sequence>
  <logger>LaOca</logger>
  <level>INFO</level>
  <class>LaOca$Jugador</class>
  <method>run</method>
  <thread>21</thread>
  <message>
</message>
</record>
<record>
  <date>2022-11-06T11:33:27.025126700Z</date>
  <millis>1667734407025</millis>
  <nanos>126700</nanos>
  <sequence>23</sequence>
  <logger>LaOca</logger>
  <level>INFO</level>
  <class>LaOca$Jugador</class>
  <method>run</method>
  <thread>21</thread>
  <message>Thread-4 - Has sacado un 5</message>
</record>
<record>
  <date>2022-11-06T11:33:27.026127100Z</date>
  <millis>1667734407026</millis>
  <nanos>127100</nanos>
  <sequence>24</sequence>
  <logger>LaOca</logger>
  <level>INFO</level>
  <class>LaOca$Jugador</class>
  <method>run</method>
  <thread>21</thread>
  <message>Thread-4 - Tu posicion es 7</message>
</record>
<record>
  <date>2022-11-06T11:33:27.043130900Z</date>
  <millis>1667734407043</millis>
  <nanos>130900</nanos>
  <sequence>25</sequence>
  <logger>LaOca</logger>
  <level>INFO</level>
  <class>LaOca$Jugador</class>
  <method>run</method>
  <thread>26</thread>
  <message>
</message>
</record>
<record>
  <date>2022-11-06T11:33:27.043130900Z</date>
  <millis>1667734407043</millis>
  <nanos>130900</nanos>
  <sequence>26</sequence>
  <logger>LaOca</logger>
  <level>INFO</level>
  <class>LaOca$Jugador</class>
  <method>run</method>
  <thread>26</thread>
  <message>Thread-9 - Has sacado un 4</message>
</record>
<record>
  <date>2022-11-06T11:33:27.043130900Z</date>
  <millis>1667734407043</millis>
  <nanos>130900</nanos>
  <sequence>27</sequence>
  <logger>LaOca</logger>
  <level>INFO</level>
  <class>LaOca$Jugador</class>
  <method>run</method>
  <thread>26</thread>
  <message>Thread-9 - Tu posicion es 4</message>
</record>
<record>
  <date>2022-11-06T11:33:27.161158Z</date>
  <millis>1667734407161</millis>
  <nanos>158000</nanos>
  <sequence>28</sequence>
  <logger>LaOca</logger>
  <level>INFO</level>
  <class>LaOca$Jugador</class>
  <method>run</method>
  <thread>17</thread>
  <message>
</message>
</record>
<record>
  <date>2022-11-06T11:33:27.161158Z</date>
  <millis>1667734407161</millis>
  <nanos>158000</nanos>
  <sequence>29</sequence>
  <logger>LaOca</logger>
  <level>INFO</level>
  <class>LaOca$Jugador</class>
  <method>run</method>
  <thread>17</thread>
  <message>Thread-0 - Has sacado un 5</message>
</record>
<record>
  <date>2022-11-06T11:33:27.161158Z</date>
  <millis>1667734407161</millis>
  <nanos>158000</nanos>
  <sequence>30</sequence>
  <logger>LaOca</logger>
  <level>INFO</level>
  <class>LaOca$Jugador</class>
  <method>run</method>
  <thread>17</thread>
  <message>Thread-0 - Tu posicion es 7</message>
</record>
<record>
  <date>2022-11-06T11:33:27.309191400Z</date>
  <millis>1667734407309</millis>
  <nanos>191400</nanos>
  <sequence>31</sequence>
  <logger>LaOca</logger>
  <level>INFO</level>
  <class>LaOca$Jugador</class>
  <method>run</method>
  <thread>19</thread>
  <message>
</message>
</record>
<record>
  <date>2022-11-06T11:33:27.309191400Z</date>
  <millis>1667734407309</millis>
  <nanos>191400</nanos>
  <sequence>32</sequence>
  <logger>LaOca</logger>
  <level>INFO</level>
  <class>LaOca$Jugador</class>
  <method>run</method>
  <thread>19</thread>
  <message>Thread-2 - Has sacado un 5</message>
</record>
<record>
  <date>2022-11-06T11:33:27.309191400Z</date>
  <millis>1667734407309</millis>
  <nanos>191400</nanos>
  <sequence>33</sequence>
  <logger>LaOca</logger>
  <level>INFO</level>
  <class>LaOca$Jugador</class>
  <method>run</method>
  <thread>19</thread>
  <message>Thread-2 - Tu posicion es 5</message>
</record>
<record>
  <date>2022-11-06T11:33:27.403212700Z</date>
  <millis>1667734407403</millis>
  <nanos>212700</nanos>
  <sequence>34</sequence>
  <logger>LaOca</logger>
  <level>INFO</level>
  <class>LaOca$Jugador</class>
  <method>run</method>
  <thread>22</thread>
  <message>
</message>
</record>
<record>
  <date>2022-11-06T11:33:27.403212700Z</date>
  <millis>1667734407403</millis>
  <nanos>212700</nanos>
  <sequence>35</sequence>
  <logger>LaOca</logger>
  <level>INFO</level>
  <class>LaOca$Jugador</class>
  <method>run</method>
  <thread>22</thread>
  <message>Thread-5 - Has sacado un 5</message>
</record>
<record>
  <date>2022-11-06T11:33:27.404213Z</date>
  <millis>1667734407404</millis>
  <nanos>213000</nanos>
  <sequence>36</sequence>
  <logger>LaOca</logger>
  <level>INFO</level>
  <class>LaOca$Jugador</class>
  <method>run</method>
  <thread>22</thread>
  <message>Thread-5 - Tu posicion es 5</message>
</record>
<record>
  <date>2022-11-06T11:33:27.406213400Z</date>
  <millis>1667734407406</millis>
  <nanos>213400</nanos>
  <sequence>37</sequence>
  <logger>LaOca</logger>
  <level>INFO</level>
  <class>LaOca$Jugador</class>
  <method>run</method>
  <thread>23</thread>
  <message>
</message>
</record>
<record>
  <date>2022-11-06T11:33:27.406213400Z</date>
  <millis>1667734407406</millis>
  <nanos>213400</nanos>
  <sequence>38</sequence>
  <logger>LaOca</logger>
  <level>INFO</level>
  <class>LaOca$Jugador</class>
  <method>run</method>
  <thread>23</thread>
  <message>Thread-6 - Has sacado un 3</message>
</record>
<record>
  <date>2022-11-06T11:33:27.407213600Z</date>
  <millis>1667734407407</millis>
  <nanos>213600</nanos>
  <sequence>39</sequence>
  <logger>LaOca</logger>
  <level>INFO</level>
  <class>LaOca$Jugador</class>
  <method>run</method>
  <thread>23</thread>
  <message>Thread-6 - Tu posicion es 3</message>
</record>
<record>
  <date>2022-11-06T11:33:27.689277100Z</date>
  <millis>1667734407689</millis>
  <nanos>277100</nanos>
  <sequence>40</sequence>
  <logger>LaOca</logger>
  <level>INFO</level>
  <class>LaOca$Jugador</class>
  <method>run</method>
  <thread>26</thread>
  <message>
</message>
</record>
<record>
  <date>2022-11-06T11:33:27.689277100Z</date>
  <millis>1667734407689</millis>
  <nanos>277100</nanos>
  <sequence>41</sequence>
  <logger>LaOca</logger>
  <level>INFO</level>
  <class>LaOca$Jugador</class>
  <method>run</method>
  <thread>26</thread>
  <message>Thread-9 - Has sacado un 4</message>
</record>
<record>
  <date>2022-11-06T11:33:27.689277100Z</date>
  <millis>1667734407689</millis>
  <nanos>277100</nanos>
  <sequence>42</sequence>
  <logger>LaOca</logger>
  <level>INFO</level>
  <class>LaOca$Jugador</class>
  <method>run</method>
  <thread>26</thread>
  <message>Thread-9 - Tu posicion es 8</message>
</record>
<record>
  <date>2022-11-06T11:33:27.929331600Z</date>
  <millis>1667734407929</millis>
  <nanos>331600</nanos>
  <sequence>43</sequence>
  <logger>LaOca</logger>
  <level>INFO</level>
  <class>LaOca$Jugador</class>
  <method>run</method>
  <thread>24</thread>
  <message>
</message>
</record>
<record>
  <date>2022-11-06T11:33:27.929331600Z</date>
  <millis>1667734407929</millis>
  <nanos>331600</nanos>
  <sequence>44</sequence>
  <logger>LaOca</logger>
  <level>INFO</level>
  <class>LaOca$Jugador</class>
  <method>run</method>
  <thread>24</thread>
  <message>Thread-7 - Has sacado un 2</message>
</record>
<record>
  <date>2022-11-06T11:33:27.929331600Z</date>
  <millis>1667734407929</millis>
  <nanos>331600</nanos>
  <sequence>45</sequence>
  <logger>LaOca</logger>
  <level>INFO</level>
  <class>LaOca$Jugador</class>
  <method>run</method>
  <thread>24</thread>
  <message>Thread-7 - Tu posicion es 8</message>
</record>
<record>
  <date>2022-11-06T11:33:28.059360900Z</date>
  <millis>1667734408059</millis>
  <nanos>360900</nanos>
  <sequence>46</sequence>
  <logger>LaOca</logger>
  <level>INFO</level>
  <class>LaOca$Jugador</class>
  <method>run</method>
  <thread>22</thread>
  <message>
</message>
</record>
<record>
  <date>2022-11-06T11:33:28.059360900Z</date>
  <millis>1667734408059</millis>
  <nanos>360900</nanos>
  <sequence>47</sequence>
  <logger>LaOca</logger>
  <level>INFO</level>
  <class>LaOca$Jugador</class>
  <method>run</method>
  <thread>22</thread>
  <message>Thread-5 - Has sacado un 6</message>
</record>
<record>
  <date>2022-11-06T11:33:28.059360900Z</date>
  <millis>1667734408059</millis>
  <nanos>360900</nanos>
  <sequence>48</sequence>
  <logger>LaOca</logger>
  <level>INFO</level>
  <class>LaOca$Jugador</class>
  <method>run</method>
  <thread>22</thread>
  <message>Thread-5 - Tu posicion es 11</message>
</record>
<record>
  <date>2022-11-06T11:33:28.119374300Z</date>
  <millis>1667734408119</millis>
  <nanos>374300</nanos>
  <sequence>49</sequence>
  <logger>LaOca</logger>
  <level>INFO</level>
  <class>LaOca$Jugador</class>
  <method>run</method>
  <thread>25</thread>
  <message>
</message>
</record>
<record>
  <date>2022-11-06T11:33:28.119374300Z</date>
  <millis>1667734408119</millis>
  <nanos>374300</nanos>
  <sequence>50</sequence>
  <logger>LaOca</logger>
  <level>INFO</level>
  <class>LaOca$Jugador</class>
  <method>run</method>
  <thread>25</thread>
  <message>Thread-8 - Has sacado un 3</message>
</record>
<record>
  <date>2022-11-06T11:33:28.119374300Z</date>
  <millis>1667734408119</millis>
  <nanos>374300</nanos>
  <sequence>51</sequence>
  <logger>LaOca</logger>
  <level>INFO</level>
  <class>LaOca$Jugador</class>
  <method>run</method>
  <thread>25</thread>
  <message>Thread-8 - Tu posicion es 7</message>
</record>
<record>
  <date>2022-11-06T11:33:28.258405700Z</date>
  <millis>1667734408258</millis>
  <nanos>405700</nanos>
  <sequence>52</sequence>
  <logger>LaOca</logger>
  <level>INFO</level>
  <class>LaOca$Jugador</class>
  <method>run</method>
  <thread>17</thread>
  <message>
</message>
</record>
<record>
  <date>2022-11-06T11:33:28.258405700Z</date>
  <millis>1667734408258</millis>
  <nanos>405700</nanos>
  <sequence>53</sequence>
  <logger>LaOca</logger>
  <level>INFO</level>
  <class>LaOca$Jugador</class>
  <method>run</method>
  <thread>17</thread>
  <message>Thread-0 - Has sacado un 4</message>
</record>
<record>
  <date>2022-11-06T11:33:28.258405700Z</date>
  <millis>1667734408258</millis>
  <nanos>405700</nanos>
  <sequence>54</sequence>
  <logger>LaOca</logger>
  <level>INFO</level>
  <class>LaOca$Jugador</class>
  <method>run</method>
  <thread>17</thread>
  <message>Thread-0 - Tu posicion es 11</message>
</record>
<record>
  <date>2022-11-06T11:33:28.272408800Z</date>
  <millis>1667734408272</millis>
  <nanos>408800</nanos>
  <sequence>55</sequence>
  <logger>LaOca</logger>
  <level>INFO</level>
  <class>LaOca$Jugador</class>
  <method>run</method>
  <thread>18</thread>
  <message>
</message>
</record>
<record>
  <date>2022-11-06T11:33:28.272408800Z</date>
  <millis>1667734408272</millis>
  <nanos>408800</nanos>
  <sequence>56</sequence>
  <logger>LaOca</logger>
  <level>INFO</level>
  <class>LaOca$Jugador</class>
  <method>run</method>
  <thread>18</thread>
  <message>Thread-1 - Has sacado un 5</message>
</record>
<record>
  <date>2022-11-06T11:33:28.272408800Z</date>
  <millis>1667734408272</millis>
  <nanos>408800</nanos>
  <sequence>57</sequence>
  <logger>LaOca</logger>
  <level>INFO</level>
  <class>LaOca$Jugador</class>
  <method>run</method>
  <thread>18</thread>
  <message>Thread-1 - Tu posicion es 10</message>
</record>
<record>
  <date>2022-11-06T11:33:28.409440600Z</date>
  <millis>1667734408409</millis>
  <nanos>440600</nanos>
  <sequence>58</sequence>
  <logger>LaOca</logger>
  <level>INFO</level>
  <class>LaOca$Jugador</class>
  <method>run</method>
  <thread>20</thread>
  <message>
</message>
</record>
<record>
  <date>2022-11-06T11:33:28.409440600Z</date>
  <millis>1667734408409</millis>
  <nanos>440600</nanos>
  <sequence>59</sequence>
  <logger>LaOca</logger>
  <level>INFO</level>
  <class>LaOca$Jugador</class>
  <method>run</method>
  <thread>20</thread>
  <message>Thread-3 - Has sacado un 2</message>
</record>
<record>
  <date>2022-11-06T11:33:28.409440600Z</date>
  <millis>1667734408409</millis>
  <nanos>440600</nanos>
  <sequence>60</sequence>
  <logger>LaOca</logger>
  <level>INFO</level>
  <class>LaOca$Jugador</class>
  <method>run</method>
  <thread>20</thread>
  <message>Thread-3 - Tu posicion es 4</message>
</record>
<record>
  <date>2022-11-06T11:33:28.443448400Z</date>
  <millis>1667734408443</millis>
  <nanos>448400</nanos>
  <sequence>61</sequence>
  <logger>LaOca</logger>
  <level>INFO</level>
  <class>LaOca$Jugador</class>
  <method>run</method>
  <thread>25</thread>
  <message>
</message>
</record>
<record>
  <date>2022-11-06T11:33:28.443448400Z</date>
  <millis>1667734408443</millis>
  <nanos>448400</nanos>
  <sequence>62</sequence>
  <logger>LaOca</logger>
  <level>INFO</level>
  <class>LaOca$Jugador</class>
  <method>run</method>
  <thread>25</thread>
  <message>Thread-8 - Has sacado un 1</message>
</record>
<record>
  <date>2022-11-06T11:33:28.444449400Z</date>
  <millis>1667734408444</millis>
  <nanos>449400</nanos>
  <sequence>63</sequence>
  <logger>LaOca</logger>
  <level>INFO</level>
  <class>LaOca$Jugador</class>
  <method>run</method>
  <thread>25</thread>
  <message>Thread-8 - Tu posicion es 8</message>
</record>
<record>
  <date>2022-11-06T11:33:28.662497Z</date>
  <millis>1667734408662</millis>
  <nanos>497000</nanos>
  <sequence>64</sequence>
  <logger>LaOca</logger>
  <level>INFO</level>
  <class>LaOca$Jugador</class>
  <method>run</method>
  <thread>21</thread>
  <message>
</message>
</record>
<record>
  <date>2022-11-06T11:33:28.662497Z</date>
  <millis>1667734408662</millis>
  <nanos>497000</nanos>
  <sequence>65</sequence>
  <logger>LaOca</logger>
  <level>INFO</level>
  <class>LaOca$Jugador</class>
  <method>run</method>
  <thread>21</thread>
  <message>Thread-4 - Has sacado un 2</message>
</record>
<record>
  <date>2022-11-06T11:33:28.662497Z</date>
  <millis>1667734408662</millis>
  <nanos>497000</nanos>
  <sequence>66</sequence>
  <logger>LaOca</logger>
  <level>INFO</level>
  <class>LaOca$Jugador</class>
  <method>run</method>
  <thread>21</thread>
  <message>Thread-4 - Tu posicion es 9</message>
</record>
<record>
  <date>2022-11-06T11:33:28.697505200Z</date>
  <millis>1667734408697</millis>
  <nanos>505200</nanos>
  <sequence>67</sequence>
  <logger>LaOca</logger>
  <level>INFO</level>
  <class>LaOca$Jugador</class>
  <method>run</method>
  <thread>23</thread>
  <message>
</message>
</record>
<record>
  <date>2022-11-06T11:33:28.697505200Z</date>
  <millis>1667734408697</millis>
  <nanos>505200</nanos>
  <sequence>68</sequence>
  <logger>LaOca</logger>
  <level>INFO</level>
  <class>LaOca$Jugador</class>
  <method>run</method>
  <thread>23</thread>
  <message>Thread-6 - Has sacado un 2</message>
</record>
<record>
  <date>2022-11-06T11:33:28.697505200Z</date>
  <millis>1667734408697</millis>
  <nanos>505200</nanos>
  <sequence>69</sequence>
  <logger>LaOca</logger>
  <level>INFO</level>
  <class>LaOca$Jugador</class>
  <method>run</method>
  <thread>23</thread>
  <message>Thread-6 - Tu posicion es 5</message>
</record>
<record>
  <date>2022-11-06T11:33:28.916555Z</date>
  <millis>1667734408916</millis>
  <nanos>555000</nanos>
  <sequence>70</sequence>
  <logger>LaOca</logger>
  <level>INFO</level>
  <class>LaOca$Jugador</class>
  <method>run</method>
  <thread>23</thread>
  <message>
</message>
</record>
<record>
  <date>2022-11-06T11:33:28.916555Z</date>
  <millis>1667734408916</millis>
  <nanos>555000</nanos>
  <sequence>71</sequence>
  <logger>LaOca</logger>
  <level>INFO</level>
  <class>LaOca$Jugador</class>
  <method>run</method>
  <thread>23</thread>
  <message>Thread-6 - Has sacado un 5</message>
</record>
<record>
  <date>2022-11-06T11:33:28.916555Z</date>
  <millis>1667734408916</millis>
  <nanos>555000</nanos>
  <sequence>72</sequence>
  <logger>LaOca</logger>
  <level>INFO</level>
  <class>LaOca$Jugador</class>
  <method>run</method>
  <thread>23</thread>
  <message>Thread-6 - Tu posicion es 10</message>
</record>
<record>
  <date>2022-11-06T11:33:29.022578300Z</date>
  <millis>1667734409022</millis>
  <nanos>578300</nanos>
  <sequence>73</sequence>
  <logger>LaOca</logger>
  <level>INFO</level>
  <class>LaOca$Jugador</class>
  <method>run</method>
  <thread>24</thread>
  <message>
</message>
</record>
<record>
  <date>2022-11-06T11:33:29.022578300Z</date>
  <millis>1667734409022</millis>
  <nanos>578300</nanos>
  <sequence>74</sequence>
  <logger>LaOca</logger>
  <level>INFO</level>
  <class>LaOca$Jugador</class>
  <method>run</method>
  <thread>24</thread>
  <message>Thread-7 - Has sacado un 6</message>
</record>
<record>
  <date>2022-11-06T11:33:29.022578300Z</date>
  <millis>1667734409022</millis>
  <nanos>578300</nanos>
  <sequence>75</sequence>
  <logger>LaOca</logger>
  <level>INFO</level>
  <class>LaOca$Jugador</class>
  <method>run</method>
  <thread>24</thread>
  <message>Thread-7 - Tu posicion es 14</message>
</record>
<record>
  <date>2022-11-06T11:33:29.058586500Z</date>
  <millis>1667734409058</millis>
  <nanos>586500</nanos>
  <sequence>76</sequence>
  <logger>LaOca</logger>
  <level>INFO</level>
  <class>LaOca$Jugador</class>
  <method>run</method>
  <thread>19</thread>
  <message>
</message>
</record>
<record>
  <date>2022-11-06T11:33:29.058586500Z</date>
  <millis>1667734409058</millis>
  <nanos>586500</nanos>
  <sequence>77</sequence>
  <logger>LaOca</logger>
  <level>INFO</level>
  <class>LaOca$Jugador</class>
  <method>run</method>
  <thread>19</thread>
  <message>Thread-2 - Has sacado un 6</message>
</record>
<record>
  <date>2022-11-06T11:33:29.058586500Z</date>
  <millis>1667734409058</millis>
  <nanos>586500</nanos>
  <sequence>78</sequence>
  <logger>LaOca</logger>
  <level>INFO</level>
  <class>LaOca$Jugador</class>
  <method>run</method>
  <thread>19</thread>
  <message>Thread-2 - Tu posicion es 11</message>
</record>
<record>
  <date>2022-11-06T11:33:29.085592600Z</date>
  <millis>1667734409085</millis>
  <nanos>592600</nanos>
  <sequence>79</sequence>
  <logger>LaOca</logger>
  <level>INFO</level>
  <class>LaOca$Jugador</class>
  <method>run</method>
  <thread>18</thread>
  <message>
</message>
</record>
<record>
  <date>2022-11-06T11:33:29.085592600Z</date>
  <millis>1667734409085</millis>
  <nanos>592600</nanos>
  <sequence>80</sequence>
  <logger>LaOca</logger>
  <level>INFO</level>
  <class>LaOca$Jugador</class>
  <method>run</method>
  <thread>18</thread>
  <message>Thread-1 - Has sacado un 1</message>
</record>
<record>
  <date>2022-11-06T11:33:29.085592600Z</date>
  <millis>1667734409085</millis>
  <nanos>592600</nanos>
  <sequence>81</sequence>
  <logger>LaOca</logger>
  <level>INFO</level>
  <class>LaOca$Jugador</class>
  <method>run</method>
  <thread>18</thread>
  <message>Thread-1 - Tu posicion es 11</message>
</record>
<record>
  <date>2022-11-06T11:33:29.316645700Z</date>
  <millis>1667734409316</millis>
  <nanos>645700</nanos>
  <sequence>82</sequence>
  <logger>LaOca</logger>
  <level>INFO</level>
  <class>LaOca$Jugador</class>
  <method>run</method>
  <thread>22</thread>
  <message>
</message>
</record>
<record>
  <date>2022-11-06T11:33:29.316645700Z</date>
  <millis>1667734409316</millis>
  <nanos>645700</nanos>
  <sequence>83</sequence>
  <logger>LaOca</logger>
  <level>INFO</level>
  <class>LaOca$Jugador</class>
  <method>run</method>
  <thread>22</thread>
  <message>Thread-5 - Has sacado un 6</message>
</record>
<record>
  <date>2022-11-06T11:33:29.316645700Z</date>
  <millis>1667734409316</millis>
  <nanos>645700</nanos>
  <sequence>84</sequence>
  <logger>LaOca</logger>
  <level>INFO</level>
  <class>LaOca$Jugador</class>
  <method>run</method>
  <thread>22</thread>
  <message>Thread-5 - Tu posicion es 17</message>
</record>
<record>
  <date>2022-11-06T11:33:29.346652100Z</date>
  <millis>1667734409346</millis>
  <nanos>652100</nanos>
  <sequence>85</sequence>
  <logger>LaOca</logger>
  <level>INFO</level>
  <class>LaOca$Jugador</class>
  <method>run</method>
  <thread>26</thread>
  <message>
</message>
</record>
<record>
  <date>2022-11-06T11:33:29.346652100Z</date>
  <millis>1667734409346</millis>
  <nanos>652100</nanos>
  <sequence>86</sequence>
  <logger>LaOca</logger>
  <level>INFO</level>
  <class>LaOca$Jugador</class>
  <method>run</method>
  <thread>26</thread>
  <message>Thread-9 - Has sacado un 5</message>
</record>
<record>
  <date>2022-11-06T11:33:29.346652100Z</date>
  <millis>1667734409346</millis>
  <nanos>652100</nanos>
  <sequence>87</sequence>
  <logger>LaOca</logger>
  <level>INFO</level>
  <class>LaOca$Jugador</class>
  <method>run</method>
  <thread>26</thread>
  <message>Thread-9 - Tu posicion es 13</message>
</record>
<record>
  <date>2022-11-06T11:33:29.415667400Z</date>
  <millis>1667734409415</millis>
  <nanos>667400</nanos>
  <sequence>88</sequence>
  <logger>LaOca</logger>
  <level>INFO</level>
  <class>LaOca$Jugador</class>
  <method>run</method>
  <thread>17</thread>
  <message>
</message>
</record>
<record>
  <date>2022-11-06T11:33:29.415667400Z</date>
  <millis>1667734409415</millis>
  <nanos>667400</nanos>
  <sequence>89</sequence>
  <logger>LaOca</logger>
  <level>INFO</level>
  <class>LaOca$Jugador</class>
  <method>run</method>
  <thread>17</thread>
  <message>Thread-0 - Has sacado un 4</message>
</record>
<record>
  <date>2022-11-06T11:33:29.415667400Z</date>
  <millis>1667734409415</millis>
  <nanos>667400</nanos>
  <sequence>90</sequence>
  <logger>LaOca</logger>
  <level>INFO</level>
  <class>LaOca$Jugador</class>
  <method>run</method>
  <thread>17</thread>
  <message>Thread-0 - Tu posicion es 15</message>
</record>
</log>
